0 info it worked if it ends with ok
1 verbose cli [ '/usr/bin/nodejs', '/usr/bin/npm', 'run', 'watch' ]
2 info using npm@2.14.12
3 info using node@v4.2.6
4 verbose run-script [ 'prewatch', 'watch', 'postwatch' ]
5 info prewatch mtr3picker@1.0.0
6 info watch mtr3picker@1.0.0
7 verbose unsafe-perm in lifecycle true
8 info mtr3picker@1.0.0 Failed to exec watch script
9 verbose stack Error: mtr3picker@1.0.0 watch: `parallelshell 'PORTS=${npm_config_server} nodemon ./server/server.js' 'PORTS=${npm_config_client} nodemon ./3rd_party_data/server.js'`
9 verbose stack spawn ENOENT
9 verbose stack     at ChildProcess.<anonymous> (/usr/lib/node_modules/npm/lib/utils/spawn.js:17:16)
9 verbose stack     at emitTwo (events.js:87:13)
9 verbose stack     at ChildProcess.emit (events.js:172:7)
9 verbose stack     at maybeClose (internal/child_process.js:821:16)
9 verbose stack     at Process.ChildProcess._handle.onexit (internal/child_process.js:211:5)
10 verbose pkgid mtr3picker@1.0.0
11 verbose cwd /home/ronny/git_managed_projects/zdf/mtr3picker
12 error Linux 4.2.0-27-generic
13 error argv "/usr/bin/nodejs" "/usr/bin/npm" "run" "watch"
14 error node v4.2.6
15 error npm  v2.14.12
16 error file sh
17 error code ELIFECYCLE
18 error errno ENOENT
19 error syscall spawn
20 error mtr3picker@1.0.0 watch: `parallelshell 'PORTS=${npm_config_server} nodemon ./server/server.js' 'PORTS=${npm_config_client} nodemon ./3rd_party_data/server.js'`
20 error spawn ENOENT
21 error Failed at the mtr3picker@1.0.0 watch script 'parallelshell 'PORTS=${npm_config_server} nodemon ./server/server.js' 'PORTS=${npm_config_client} nodemon ./3rd_party_data/server.js''.
21 error This is most likely a problem with the mtr3picker package,
21 error not with npm itself.
21 error Tell the author that this fails on your system:
21 error     parallelshell 'PORTS=${npm_config_server} nodemon ./server/server.js' 'PORTS=${npm_config_client} nodemon ./3rd_party_data/server.js'
21 error You can get their info via:
21 error     npm owner ls mtr3picker
21 error There is likely additional logging output above.
22 verbose exit [ 1, true ]
